Loading data from data/secret_goal...
  Train size: 5000
  Val size: 500

Model config:
  d_model: 64
  n_heads: 4
  n_layers: 2

Initializing model...

Training for 15 epochs...
============================================================
Epoch   1/15 | Train Loss: 2.8923 | Val Loss: 0.1926 | Val Acc: 1.0000 | Time: 3.7s
  → New best model (val_loss: 0.1926)
Epoch   2/15 | Train Loss: 0.1403 | Val Loss: 0.0233 | Val Acc: 1.0000 | Time: 1.2s
  → New best model (val_loss: 0.0233)
Epoch   3/15 | Train Loss: 0.0381 | Val Loss: 0.0111 | Val Acc: 1.0000 | Time: 1.2s
  → New best model (val_loss: 0.0111)
Epoch   4/15 | Train Loss: 0.0215 | Val Loss: 0.0069 | Val Acc: 1.0000 | Time: 1.2s
  → New best model (val_loss: 0.0069)
Epoch   5/15 | Train Loss: 0.0138 | Val Loss: 0.0048 | Val Acc: 1.0000 | Time: 1.2s
  → New best model (val_loss: 0.0048)
Epoch   6/15 | Train Loss: 0.0099 | Val Loss: 0.0035 | Val Acc: 1.0000 | Time: 1.2s
  → New best model (val_loss: 0.0035)
Epoch   7/15 | Train Loss: 0.0076 | Val Loss: 0.0028 | Val Acc: 1.0000 | Time: 1.2s
  → New best model (val_loss: 0.0028)
Epoch   8/15 | Train Loss: 0.0059 | Val Loss: 0.0022 | Val Acc: 1.0000 | Time: 1.2s
  → New best model (val_loss: 0.0022)
Epoch   9/15 | Train Loss: 0.0048 | Val Loss: 0.0018 | Val Acc: 1.0000 | Time: 1.2s
  → New best model (val_loss: 0.0018)
Epoch  10/15 | Train Loss: 0.0041 | Val Loss: 0.0015 | Val Acc: 1.0000 | Time: 1.2s
  → New best model (val_loss: 0.0015)
Epoch  11/15 | Train Loss: 0.0034 | Val Loss: 0.0013 | Val Acc: 1.0000 | Time: 1.2s
  → New best model (val_loss: 0.0013)
Epoch  12/15 | Train Loss: 0.0028 | Val Loss: 0.0011 | Val Acc: 1.0000 | Time: 1.2s
  → New best model (val_loss: 0.0011)
Epoch  13/15 | Train Loss: 0.0025 | Val Loss: 0.0010 | Val Acc: 1.0000 | Time: 1.2s
  → New best model (val_loss: 0.0010)
Epoch  14/15 | Train Loss: 0.0022 | Val Loss: 0.0008 | Val Acc: 1.0000 | Time: 1.2s
  → New best model (val_loss: 0.0008)
Epoch  15/15 | Train Loss: 0.0019 | Val Loss: 0.0007 | Val Acc: 1.0000 | Time: 1.2s
  → New best model (val_loss: 0.0007)
============================================================
✓ Training complete!
  Best val loss: 0.0007
  Saved parameters to: checkpoints/secret_goal/final_params.npy
  Saved history to: checkpoints/secret_goal/history.npz
