Loading data from data/concealed_step...
  Train size: 5000
  Val size: 500

Model config:
  d_model: 64
  n_heads: 4
  n_layers: 2

Initializing model...

Training for 15 epochs...
============================================================
Epoch   1/15 | Train Loss: 1.7082 | Val Loss: 0.0480 | Val Acc: 1.0000 | Time: 3.6s
  → New best model (val_loss: 0.0480)
Epoch   2/15 | Train Loss: 0.0516 | Val Loss: 0.0144 | Val Acc: 1.0000 | Time: 1.2s
  → New best model (val_loss: 0.0144)
Epoch   3/15 | Train Loss: 0.0214 | Val Loss: 0.0079 | Val Acc: 1.0000 | Time: 1.2s
  → New best model (val_loss: 0.0079)
Epoch   4/15 | Train Loss: 0.0124 | Val Loss: 0.0052 | Val Acc: 1.0000 | Time: 1.2s
  → New best model (val_loss: 0.0052)
Epoch   5/15 | Train Loss: 0.0086 | Val Loss: 0.0037 | Val Acc: 1.0000 | Time: 1.2s
  → New best model (val_loss: 0.0037)
Epoch   6/15 | Train Loss: 0.0063 | Val Loss: 0.0028 | Val Acc: 1.0000 | Time: 1.2s
  → New best model (val_loss: 0.0028)
Epoch   7/15 | Train Loss: 0.0055 | Val Loss: 0.0024 | Val Acc: 1.0000 | Time: 1.2s
  → New best model (val_loss: 0.0024)
Epoch   8/15 | Train Loss: 0.0039 | Val Loss: 0.0018 | Val Acc: 1.0000 | Time: 1.2s
  → New best model (val_loss: 0.0018)
Epoch   9/15 | Train Loss: 0.0031 | Val Loss: 0.0015 | Val Acc: 1.0000 | Time: 1.2s
  → New best model (val_loss: 0.0015)
Epoch  10/15 | Train Loss: 0.0026 | Val Loss: 0.0012 | Val Acc: 1.0000 | Time: 1.2s
  → New best model (val_loss: 0.0012)
Epoch  11/15 | Train Loss: 0.0023 | Val Loss: 0.0011 | Val Acc: 1.0000 | Time: 1.2s
  → New best model (val_loss: 0.0011)
Epoch  12/15 | Train Loss: 0.0019 | Val Loss: 0.0009 | Val Acc: 1.0000 | Time: 1.2s
  → New best model (val_loss: 0.0009)
Epoch  13/15 | Train Loss: 0.0018 | Val Loss: 0.0009 | Val Acc: 1.0000 | Time: 1.2s
  → New best model (val_loss: 0.0009)
Epoch  14/15 | Train Loss: 0.0015 | Val Loss: 0.0007 | Val Acc: 1.0000 | Time: 1.2s
  → New best model (val_loss: 0.0007)
Epoch  15/15 | Train Loss: 0.0013 | Val Loss: 0.0006 | Val Acc: 1.0000 | Time: 1.2s
  → New best model (val_loss: 0.0006)
============================================================
✓ Training complete!
  Best val loss: 0.0006
  Saved parameters to: checkpoints/concealed_step/final_params.npy
  Saved history to: checkpoints/concealed_step/history.npz
